<?xml version="1.0" encoding="UTF-8"?>
<!-- Generated by org.testng.reporters.JUnitReportReporter -->
<testsuite hostname="MSI" failures="0" tests="1" name="com.xyz.qa.testcases.DepositPageTest" time="4.138" errors="0" timestamp="07 Mar 2024 16:19:23 GMT" skipped="0">
  <testcase classname="com.xyz.qa.testcases.DepositPageTest" name="depositAmountAndVerifyTransaction" time="4.138"/>
</testsuite> <!-- com.xyz.qa.testcases.DepositPageTest -->
