<?xml version="1.0" encoding="UTF-8"?>
<!-- Generated by org.testng.reporters.JUnitReportReporter -->
<testsuite hostname="MSI" failures="0" tests="1" name="com.xyz.qa.testcases.AddCustomerPageTest" time="5.794" errors="0" timestamp="07 Mar 2024 16:19:23 GMT" skipped="0">
  <testcase classname="com.xyz.qa.testcases.AddCustomerPageTest" name="verifyAddCustomerAlertMessage" time="5.794"/>
</testsuite> <!-- com.xyz.qa.testcases.AddCustomerPageTest -->
