<?xml version="1.0" encoding="UTF-8"?>
<!-- Generated by org.testng.reporters.JUnitReportReporter -->
<testsuite hostname="hplaptop" failures="0" tests="1" name="com.xyz.qa.testcases.ManagerOpenAccountPageTest" time="15.131" errors="0" timestamp="06 Mar 2024 17:35:53 GMT" skipped="0">
  <testcase classname="com.xyz.qa.testcases.ManagerOpenAccountPageTest" name="verifyOpenAccountAlertMessage" time="15.131"/>
</testsuite> <!-- com.xyz.qa.testcases.ManagerOpenAccountPageTest -->
