<?xml version="1.0" encoding="UTF-8"?>
<!-- Generated by org.testng.reporters.JUnitReportReporter -->
<testsuite hostname="MSI" failures="0" tests="3" name="com.xyz.qa.testcases.LoginPageTest" time="11.168" errors="0" timestamp="07 Mar 2024 16:19:23 GMT" skipped="0">
  <testcase classname="com.xyz.qa.testcases.LoginPageTest" name="customerLoginTest" time="3.176"/>
  <testcase classname="com.xyz.qa.testcases.LoginPageTest" name="loginPageTitleTest" time="2.808"/>
  <testcase classname="com.xyz.qa.testcases.LoginPageTest" name="loginTest" time="5.184"/>
</testsuite> <!-- com.xyz.qa.testcases.LoginPageTest -->
