<?xml version="1.0" encoding="UTF-8"?>
<!-- Generated by org.testng.reporters.JUnitReportReporter -->
<testsuite hostname="hplaptop" failures="0" tests="1" name="com.xyz.qa.testcases.CustomerAccountPageTest" time="21.395" errors="0" timestamp="06 Mar 2024 17:31:01 GMT" skipped="0">
  <testcase classname="com.xyz.qa.testcases.CustomerAccountPageTest" name="verifyCustomerAccountDetails" time="21.395"/>
</testsuite> <!-- com.xyz.qa.testcases.CustomerAccountPageTest -->
